[2022-12-13 15:31:07,615] INFO Starting the log cleaner (kafka.log.LogCleaner)
[2022-12-13 15:31:07,685] INFO [kafka-log-cleaner-thread-0]: Starting (kafka.log.LogCleaner)
[2022-12-15 16:15:28,116] INFO Starting the log cleaner (kafka.log.LogCleaner)
[2022-12-15 16:15:28,192] INFO [kafka-log-cleaner-thread-0]: Starting (kafka.log.LogCleaner)
[2022-12-15 16:15:29,063] INFO Shutting down the log cleaner. (kafka.log.LogCleaner)
[2022-12-15 16:15:29,064] INFO [kafka-log-cleaner-thread-0]: Shutting down (kafka.log.LogCleaner)
[2022-12-15 16:15:29,065] INFO [kafka-log-cleaner-thread-0]: Stopped (kafka.log.LogCleaner)
[2022-12-15 16:15:29,065] INFO [kafka-log-cleaner-thread-0]: Shutdown completed (kafka.log.LogCleaner)
[2022-12-15 16:15:47,735] INFO Starting the log cleaner (kafka.log.LogCleaner)
[2022-12-15 16:15:47,801] INFO [kafka-log-cleaner-thread-0]: Starting (kafka.log.LogCleaner)
[2023-11-05 00:18:30,615] INFO Starting the log cleaner (kafka.log.LogCleaner)
[2023-11-05 00:18:30,706] INFO [kafka-log-cleaner-thread-0]: Starting (kafka.log.LogCleaner)
[2023-11-05 00:19:15,813] INFO Cleaner 0: Beginning cleaning of log __consumer_offsets-18 (kafka.log.LogCleaner)
[2023-11-05 00:19:15,814] INFO Cleaner 0: Building offset map for __consumer_offsets-18... (kafka.log.LogCleaner)
[2023-11-05 00:19:15,865] INFO Cleaner 0: Building offset map for log __consumer_offsets-18 for 1 segments in offset range [0, 15). (kafka.log.LogCleaner)
[2023-11-05 00:19:15,879] INFO Cleaner 0: Offset map for log __consumer_offsets-18 complete. (kafka.log.LogCleaner)
[2023-11-05 00:19:15,881] INFO Cleaner 0: Cleaning log __consumer_offsets-18 (cleaning prior to Thu Dec 15 16:59:01 ART 2022, discarding tombstones prior to upper bound deletion horizon Wed Dec 31 21:00:00 ART 1969)... (kafka.log.LogCleaner)
[2023-11-05 00:19:15,887] INFO Cleaner 0: Cleaning LogSegment(baseOffset=0, size=2849, lastModifiedTime=1671134341077, largestRecordTimestamp=Some(1671134341077)) in log __consumer_offsets-18 into 0 with an upper bound deletion horizon 0 computed from the segment last modified time of 1671134341077,retaining deletes. (kafka.log.LogCleaner)
[2023-11-05 00:19:15,905] INFO Cleaner 0: Swapping in cleaned segment LogSegment(baseOffset=0, size=230, lastModifiedTime=1671134341077, largestRecordTimestamp=Some(1671134341077)) for segment(s) List(LogSegment(baseOffset=0, size=2849, lastModifiedTime=1671134341077, largestRecordTimestamp=Some(1671134341077))) in log Log(dir=c:\kafka\kafka-logs\__consumer_offsets-18, topicId=naHLygqISLyoqCgs7j4PxQ, topic=__consumer_offsets, partition=18, highWatermark=16, lastStableOffset=16, logStartOffset=0, logEndOffset=16) (kafka.log.LogCleaner)
[2023-11-05 00:19:15,926] INFO Cleaner 0: Beginning cleaning of log __consumer_offsets-18 (kafka.log.LogCleaner)
[2023-11-05 00:19:15,927] INFO Cleaner 0: Building offset map for __consumer_offsets-18... (kafka.log.LogCleaner)
[2023-11-05 00:19:15,961] INFO Cleaner 0: Building offset map for log __consumer_offsets-18 for 1 segments in offset range [0, 15). (kafka.log.LogCleaner)
[2023-11-05 00:19:15,963] INFO Cleaner 0: Offset map for log __consumer_offsets-18 complete. (kafka.log.LogCleaner)
[2023-11-05 00:19:15,963] INFO Cleaner 0: Cleaning log __consumer_offsets-18 (cleaning prior to Thu Dec 15 16:59:01 ART 2022, discarding tombstones prior to upper bound deletion horizon Wed Dec 31 21:00:00 ART 1969)... (kafka.log.LogCleaner)
[2023-11-05 00:20:21,179] INFO Starting the log cleaner (kafka.log.LogCleaner)
[2023-11-05 00:20:21,255] INFO [kafka-log-cleaner-thread-0]: Starting (kafka.log.LogCleaner)
[2023-11-05 00:20:36,302] INFO Cleaner 0: Beginning cleaning of log __consumer_offsets-18 (kafka.log.LogCleaner)
[2023-11-05 00:20:36,302] INFO Cleaner 0: Building offset map for __consumer_offsets-18... (kafka.log.LogCleaner)
[2023-11-05 00:20:36,355] INFO Cleaner 0: Building offset map for log __consumer_offsets-18 for 1 segments in offset range [0, 15). (kafka.log.LogCleaner)
[2023-11-05 00:20:36,371] INFO Cleaner 0: Offset map for log __consumer_offsets-18 complete. (kafka.log.LogCleaner)
[2023-11-05 00:20:36,373] INFO Cleaner 0: Cleaning log __consumer_offsets-18 (cleaning prior to Thu Dec 15 16:59:01 ART 2022, discarding tombstones prior to upper bound deletion horizon Wed Dec 31 21:00:00 ART 1969)... (kafka.log.LogCleaner)
[2023-11-05 00:20:36,380] INFO Cleaner 0: Cleaning LogSegment(baseOffset=0, size=2849, lastModifiedTime=1671134341077, largestRecordTimestamp=Some(1671134341077)) in log __consumer_offsets-18 into 0 with an upper bound deletion horizon 0 computed from the segment last modified time of 1671134341077,retaining deletes. (kafka.log.LogCleaner)
[2023-11-05 00:20:36,402] INFO Cleaner 0: Swapping in cleaned segment LogSegment(baseOffset=0, size=230, lastModifiedTime=1671134341077, largestRecordTimestamp=Some(1671134341077)) for segment(s) List(LogSegment(baseOffset=0, size=2849, lastModifiedTime=1671134341077, largestRecordTimestamp=Some(1671134341077))) in log Log(dir=c:\kafka\kafka-logs\__consumer_offsets-18, topicId=naHLygqISLyoqCgs7j4PxQ, topic=__consumer_offsets, partition=18, highWatermark=16, lastStableOffset=16, logStartOffset=0, logEndOffset=16) (kafka.log.LogCleaner)
[2023-11-05 00:20:36,467] INFO Cleaner 0: Beginning cleaning of log __consumer_offsets-18 (kafka.log.LogCleaner)
[2023-11-05 00:20:36,468] INFO Cleaner 0: Building offset map for __consumer_offsets-18... (kafka.log.LogCleaner)
[2023-11-05 00:20:57,035] INFO Starting the log cleaner (kafka.log.LogCleaner)
[2023-11-05 00:20:57,108] INFO [kafka-log-cleaner-thread-0]: Starting (kafka.log.LogCleaner)
[2023-11-05 00:21:12,168] INFO Cleaner 0: Beginning cleaning of log __consumer_offsets-18 (kafka.log.LogCleaner)
[2023-11-05 00:21:12,171] INFO Cleaner 0: Building offset map for __consumer_offsets-18... (kafka.log.LogCleaner)
[2023-11-05 00:21:12,214] INFO Cleaner 0: Building offset map for log __consumer_offsets-18 for 1 segments in offset range [0, 15). (kafka.log.LogCleaner)
[2023-11-05 00:21:12,242] INFO Cleaner 0: Offset map for log __consumer_offsets-18 complete. (kafka.log.LogCleaner)
[2023-11-05 00:21:12,244] INFO Cleaner 0: Cleaning log __consumer_offsets-18 (cleaning prior to Thu Dec 15 16:59:01 ART 2022, discarding tombstones prior to upper bound deletion horizon Wed Dec 31 21:00:00 ART 1969)... (kafka.log.LogCleaner)
[2023-11-05 00:21:12,260] INFO Cleaner 0: Cleaning LogSegment(baseOffset=0, size=2849, lastModifiedTime=1671134341077, largestRecordTimestamp=Some(1671134341077)) in log __consumer_offsets-18 into 0 with an upper bound deletion horizon 0 computed from the segment last modified time of 1671134341077,retaining deletes. (kafka.log.LogCleaner)
[2023-11-05 00:21:12,295] INFO Cleaner 0: Swapping in cleaned segment LogSegment(baseOffset=0, size=230, lastModifiedTime=1671134341077, largestRecordTimestamp=Some(1671134341077)) for segment(s) List(LogSegment(baseOffset=0, size=2849, lastModifiedTime=1671134341077, largestRecordTimestamp=Some(1671134341077))) in log Log(dir=c:\kafka\kafka-logs\__consumer_offsets-18, topicId=naHLygqISLyoqCgs7j4PxQ, topic=__consumer_offsets, partition=18, highWatermark=16, lastStableOffset=16, logStartOffset=0, logEndOffset=16) (kafka.log.LogCleaner)
[2023-11-05 00:21:12,339] INFO Cleaner 0: Beginning cleaning of log __consumer_offsets-18 (kafka.log.LogCleaner)
[2023-11-05 00:21:12,340] INFO Cleaner 0: Building offset map for __consumer_offsets-18... (kafka.log.LogCleaner)
[2023-11-05 00:22:54,786] INFO Starting the log cleaner (kafka.log.LogCleaner)
[2023-11-05 00:22:54,858] INFO [kafka-log-cleaner-thread-0]: Starting (kafka.log.LogCleaner)
[2023-11-05 00:23:09,913] INFO Cleaner 0: Beginning cleaning of log __consumer_offsets-18 (kafka.log.LogCleaner)
[2023-11-05 00:23:09,914] INFO Cleaner 0: Building offset map for __consumer_offsets-18... (kafka.log.LogCleaner)
[2023-11-05 00:23:09,967] INFO Cleaner 0: Building offset map for log __consumer_offsets-18 for 1 segments in offset range [0, 15). (kafka.log.LogCleaner)
[2023-11-05 00:23:09,980] INFO Cleaner 0: Offset map for log __consumer_offsets-18 complete. (kafka.log.LogCleaner)
[2023-11-05 00:23:09,982] INFO Cleaner 0: Cleaning log __consumer_offsets-18 (cleaning prior to Thu Dec 15 16:59:01 ART 2022, discarding tombstones prior to upper bound deletion horizon Wed Dec 31 21:00:00 ART 1969)... (kafka.log.LogCleaner)
[2023-11-05 00:23:09,989] INFO Cleaner 0: Cleaning LogSegment(baseOffset=0, size=2849, lastModifiedTime=1671134341077, largestRecordTimestamp=Some(1671134341077)) in log __consumer_offsets-18 into 0 with an upper bound deletion horizon 0 computed from the segment last modified time of 1671134341077,retaining deletes. (kafka.log.LogCleaner)
[2023-11-05 00:23:10,014] INFO Cleaner 0: Swapping in cleaned segment LogSegment(baseOffset=0, size=230, lastModifiedTime=1671134341077, largestRecordTimestamp=Some(1671134341077)) for segment(s) List(LogSegment(baseOffset=0, size=2849, lastModifiedTime=1671134341077, largestRecordTimestamp=Some(1671134341077))) in log Log(dir=c:\kafka\kafka-logs\__consumer_offsets-18, topicId=naHLygqISLyoqCgs7j4PxQ, topic=__consumer_offsets, partition=18, highWatermark=18, lastStableOffset=18, logStartOffset=0, logEndOffset=18) (kafka.log.LogCleaner)
[2023-11-05 00:23:10,039] INFO Cleaner 0: Beginning cleaning of log __consumer_offsets-18 (kafka.log.LogCleaner)
[2023-11-05 00:23:10,039] INFO Cleaner 0: Building offset map for __consumer_offsets-18... (kafka.log.LogCleaner)
